-------------------------------------------------------------------------------
Test set: com.metrarty.LogiWEB.LogiWebApplicationTests
-------------------------------------------------------------------------------
Tests run: 1, Failures: 0, Errors: 1, Skipped: 0, Time elapsed: 6.488 s <<< FAILURE! - in com.metrarty.LogiWEB.LogiWebApplicationTests
contextLoads  Time elapsed: 0.013 s  <<< ERROR!
java.lang.IllegalStateException: Failed to load ApplicationContext
Caused by: org.springframework.beans.factory.UnsatisfiedDependencyException: 
Error creating bean with name 'org.springframework.boot.autoconfigure.orm.jpa.HibernateJpaConfiguration': Unsatisfied dependency expressed through constructor parameter 0; nested exception is org.springframework.beans.factory.BeanCreationException: Error creating bean with name 'dataSource' defined in class path resource [org/springframework/boot/autoconfigure/jdbc/DataSourceConfiguration$Hikari.class]: Initialization of bean failed; nested exception is org.springframework.beans.factory.BeanCreationException: Error creating bean with name 'org.springframework.boot.autoconfigure.jdbc.DataSourceInitializerInvoker': Invocation of init method failed; nested exception is org.springframework.jdbc.datasource.init.ScriptStatementFailedException: Failed to execute SQL script statement #4 of URL [file:/Users/metrarty/GITHUB/LogiWEB/target/classes/schema.sql]: CREATE TABLE DISTANCE ( id BIGINT AUTO_INCREMENT PRIMARY KEY, city1_id BIGINT, city2_id BIGINT, distance BIGINT, ); nested exception is org.h2.jdbc.JdbcSQLSyntaxErrorException: Синтаксическая ошибка в выражении SQL "CREATE TABLE DISTANCE ( ID BIGINT AUTO_INCREMENT PRIMARY KEY, CITY1_ID BIGINT, CITY2_ID BIGINT, DISTANCE BIGINT, )[*]"; ожидалось "identifier"
Syntax error in SQL statement "CREATE TABLE DISTANCE ( ID BIGINT AUTO_INCREMENT PRIMARY KEY, CITY1_ID BIGINT, CITY2_ID BIGINT, DISTANCE BIGINT, )[*]"; expected "identifier"; SQL statement:
CREATE TABLE DISTANCE ( id BIGINT AUTO_INCREMENT PRIMARY KEY, city1_id BIGINT, city2_id BIGINT, distance BIGINT, ) [42001-200]
Caused by: org.springframework.beans.factory.BeanCreationException: 
Error creating bean with name 'dataSource' defined in class path resource [org/springframework/boot/autoconfigure/jdbc/DataSourceConfiguration$Hikari.class]: Initialization of bean failed; nested exception is org.springframework.beans.factory.BeanCreationException: Error creating bean with name 'org.springframework.boot.autoconfigure.jdbc.DataSourceInitializerInvoker': Invocation of init method failed; nested exception is org.springframework.jdbc.datasource.init.ScriptStatementFailedException: Failed to execute SQL script statement #4 of URL [file:/Users/metrarty/GITHUB/LogiWEB/target/classes/schema.sql]: CREATE TABLE DISTANCE ( id BIGINT AUTO_INCREMENT PRIMARY KEY, city1_id BIGINT, city2_id BIGINT, distance BIGINT, ); nested exception is org.h2.jdbc.JdbcSQLSyntaxErrorException: Синтаксическая ошибка в выражении SQL "CREATE TABLE DISTANCE ( ID BIGINT AUTO_INCREMENT PRIMARY KEY, CITY1_ID BIGINT, CITY2_ID BIGINT, DISTANCE BIGINT, )[*]"; ожидалось "identifier"
Syntax error in SQL statement "CREATE TABLE DISTANCE ( ID BIGINT AUTO_INCREMENT PRIMARY KEY, CITY1_ID BIGINT, CITY2_ID BIGINT, DISTANCE BIGINT, )[*]"; expected "identifier"; SQL statement:
CREATE TABLE DISTANCE ( id BIGINT AUTO_INCREMENT PRIMARY KEY, city1_id BIGINT, city2_id BIGINT, distance BIGINT, ) [42001-200]
Caused by: org.springframework.beans.factory.BeanCreationException: 
Error creating bean with name 'org.springframework.boot.autoconfigure.jdbc.DataSourceInitializerInvoker': Invocation of init method failed; nested exception is org.springframework.jdbc.datasource.init.ScriptStatementFailedException: Failed to execute SQL script statement #4 of URL [file:/Users/metrarty/GITHUB/LogiWEB/target/classes/schema.sql]: CREATE TABLE DISTANCE ( id BIGINT AUTO_INCREMENT PRIMARY KEY, city1_id BIGINT, city2_id BIGINT, distance BIGINT, ); nested exception is org.h2.jdbc.JdbcSQLSyntaxErrorException: Синтаксическая ошибка в выражении SQL "CREATE TABLE DISTANCE ( ID BIGINT AUTO_INCREMENT PRIMARY KEY, CITY1_ID BIGINT, CITY2_ID BIGINT, DISTANCE BIGINT, )[*]"; ожидалось "identifier"
Syntax error in SQL statement "CREATE TABLE DISTANCE ( ID BIGINT AUTO_INCREMENT PRIMARY KEY, CITY1_ID BIGINT, CITY2_ID BIGINT, DISTANCE BIGINT, )[*]"; expected "identifier"; SQL statement:
CREATE TABLE DISTANCE ( id BIGINT AUTO_INCREMENT PRIMARY KEY, city1_id BIGINT, city2_id BIGINT, distance BIGINT, ) [42001-200]
Caused by: org.springframework.jdbc.datasource.init.ScriptStatementFailedException: 
Failed to execute SQL script statement #4 of URL [file:/Users/metrarty/GITHUB/LogiWEB/target/classes/schema.sql]: CREATE TABLE DISTANCE ( id BIGINT AUTO_INCREMENT PRIMARY KEY, city1_id BIGINT, city2_id BIGINT, distance BIGINT, ); nested exception is org.h2.jdbc.JdbcSQLSyntaxErrorException: Синтаксическая ошибка в выражении SQL "CREATE TABLE DISTANCE ( ID BIGINT AUTO_INCREMENT PRIMARY KEY, CITY1_ID BIGINT, CITY2_ID BIGINT, DISTANCE BIGINT, )[*]"; ожидалось "identifier"
Syntax error in SQL statement "CREATE TABLE DISTANCE ( ID BIGINT AUTO_INCREMENT PRIMARY KEY, CITY1_ID BIGINT, CITY2_ID BIGINT, DISTANCE BIGINT, )[*]"; expected "identifier"; SQL statement:
CREATE TABLE DISTANCE ( id BIGINT AUTO_INCREMENT PRIMARY KEY, city1_id BIGINT, city2_id BIGINT, distance BIGINT, ) [42001-200]
Caused by: org.h2.jdbc.JdbcSQLSyntaxErrorException: 
Синтаксическая ошибка в выражении SQL "CREATE TABLE DISTANCE ( ID BIGINT AUTO_INCREMENT PRIMARY KEY, CITY1_ID BIGINT, CITY2_ID BIGINT, DISTANCE BIGINT, )[*]"; ожидалось "identifier"
Syntax error in SQL statement "CREATE TABLE DISTANCE ( ID BIGINT AUTO_INCREMENT PRIMARY KEY, CITY1_ID BIGINT, CITY2_ID BIGINT, DISTANCE BIGINT, )[*]"; expected "identifier"; SQL statement:
CREATE TABLE DISTANCE ( id BIGINT AUTO_INCREMENT PRIMARY KEY, city1_id BIGINT, city2_id BIGINT, distance BIGINT, ) [42001-200]

